TN:
SF:controller/annotationProject.controller.js
FN:61,(anonymous_0)
FN:64,(anonymous_1)
FN:74,(anonymous_2)
FN:82,(anonymous_3)
FN:91,(anonymous_4)
FN:95,(anonymous_5)
FN:105,(anonymous_6)
FN:118,(anonymous_7)
FN:128,(anonymous_8)
FN:138,(anonymous_9)
FN:149,(anonymous_10)
FN:158,(anonymous_11)
FN:167,(anonymous_12)
FN:180,(anonymous_13)
FN:184,(anonymous_14)
FN:194,(anonymous_15)
FN:203,(anonymous_16)
FN:212,(anonymous_17)
FN:221,(anonymous_18)
FN:230,(anonymous_19)
FN:238,(anonymous_20)
FNF:21
FNH:0
FNDA:0,(anonymous_0)
FNDA:0,(anonymous_1)
FNDA:0,(anonymous_2)
FNDA:0,(anonymous_3)
FNDA:0,(anonymous_4)
FNDA:0,(anonymous_5)
FNDA:0,(anonymous_6)
FNDA:0,(anonymous_7)
FNDA:0,(anonymous_8)
FNDA:0,(anonymous_9)
FNDA:0,(anonymous_10)
FNDA:0,(anonymous_11)
FNDA:0,(anonymous_12)
FNDA:0,(anonymous_13)
FNDA:0,(anonymous_14)
FNDA:0,(anonymous_15)
FNDA:0,(anonymous_16)
FNDA:0,(anonymous_17)
FNDA:0,(anonymous_18)
FNDA:0,(anonymous_19)
FNDA:0,(anonymous_20)
DA:13,2
DA:29,2
DA:45,2
DA:62,0
DA:63,0
DA:64,0
DA:67,0
DA:68,0
DA:75,0
DA:76,0
DA:83,0
DA:84,0
DA:85,0
DA:92,0
DA:93,0
DA:94,0
DA:95,0
DA:98,0
DA:99,0
DA:106,0
DA:107,0
DA:108,0
DA:119,0
DA:120,0
DA:121,0
DA:122,0
DA:129,0
DA:130,0
DA:131,0
DA:132,0
DA:139,0
DA:140,0
DA:150,0
DA:151,0
DA:152,0
DA:159,0
DA:160,0
DA:161,0
DA:168,0
DA:169,0
DA:174,0
DA:181,0
DA:182,0
DA:183,0
DA:184,0
DA:187,0
DA:188,0
DA:195,0
DA:196,0
DA:197,0
DA:204,0
DA:205,0
DA:206,0
DA:213,0
DA:214,0
DA:215,0
DA:222,0
DA:223,0
DA:224,0
DA:231,0
DA:232,0
DA:239,0
DA:240,0
DA:242,0
DA:243,0
DA:244,0
DA:245,0
DA:249,2
LF:68
LH:4
BRDA:63,0,0,0
BRDA:63,0,1,0
BRDA:94,1,0,0
BRDA:94,1,1,0
BRDA:183,2,0,0
BRDA:183,2,1,0
BRF:6
BRH:0
end_of_record
TN:
SF:controller/assessment.controller.js
FN:38,(anonymous_0)
FN:43,(anonymous_1)
FN:49,(anonymous_2)
FN:54,(anonymous_3)
FN:60,(anonymous_4)
FN:69,(anonymous_5)
FN:73,(anonymous_6)
FN:79,(anonymous_7)
FN:100,(anonymous_8)
FN:108,(anonymous_9)
FN:115,(anonymous_10)
FN:126,(anonymous_11)
FN:132,(anonymous_12)
FN:143,(anonymous_13)
FNF:14
FNH:0
FNDA:0,(anonymous_0)
FNDA:0,(anonymous_1)
FNDA:0,(anonymous_2)
FNDA:0,(anonymous_3)
FNDA:0,(anonymous_4)
FNDA:0,(anonymous_5)
FNDA:0,(anonymous_6)
FNDA:0,(anonymous_7)
FNDA:0,(anonymous_8)
FNDA:0,(anonymous_9)
FNDA:0,(anonymous_10)
FNDA:0,(anonymous_11)
FNDA:0,(anonymous_12)
FNDA:0,(anonymous_13)
DA:10,2
DA:26,2
DA:39,0
DA:40,0
DA:42,0
DA:43,0
DA:45,0
DA:46,0
DA:50,0
DA:51,0
DA:53,0
DA:54,0
DA:56,0
DA:57,0
DA:61,0
DA:62,0
DA:64,0
DA:65,0
DA:66,0
DA:70,0
DA:72,0
DA:73,0
DA:75,0
DA:76,0
DA:80,0
DA:81,0
DA:83,0
DA:84,0
DA:86,0
DA:101,0
DA:102,0
DA:104,0
DA:105,0
DA:109,0
DA:110,0
DA:112,0
DA:113,0
DA:116,0
DA:117,0
DA:118,0
DA:119,0
DA:120,0
DA:121,0
DA:122,0
DA:123,0
DA:127,0
DA:128,0
DA:129,0
DA:133,0
DA:134,0
DA:135,0
DA:136,0
DA:144,0
DA:145,0
DA:146,0
DA:147,0
DA:148,0
DA:149,0
DA:150,0
DA:151,0
DA:163,0
DA:164,0
DA:166,0
LF:63
LH:2
BRDA:39,0,0,0
BRDA:39,0,1,0
BRDA:40,1,0,0
BRDA:40,1,1,0
BRDA:43,2,0,0
BRDA:43,2,1,0
BRDA:46,3,0,0
BRDA:46,3,1,0
BRDA:50,4,0,0
BRDA:50,4,1,0
BRDA:51,5,0,0
BRDA:51,5,1,0
BRDA:54,6,0,0
BRDA:54,6,1,0
BRDA:61,7,0,0
BRDA:61,7,1,0
BRDA:62,8,0,0
BRDA:62,8,1,0
BRDA:64,9,0,0
BRDA:70,10,0,0
BRDA:70,10,1,0
BRDA:73,11,0,0
BRDA:73,11,1,0
BRDA:80,12,0,0
BRDA:80,12,1,0
BRDA:81,13,0,0
BRDA:81,13,1,0
BRDA:83,14,0,0
BRDA:101,15,0,0
BRDA:102,16,0,0
BRDA:102,16,1,0
BRDA:102,17,0,0
BRDA:102,17,1,0
BRDA:109,18,0,0
BRDA:109,18,1,0
BRDA:110,19,0,0
BRDA:110,19,1,0
BRDA:117,20,0,0
BRDA:117,21,0,0
BRDA:117,22,0,0
BRDA:117,23,0,0
BRDA:118,24,0,0
BRDA:118,24,1,0
BRDA:120,25,0,0
BRDA:120,25,1,0
BRDA:120,26,0,0
BRDA:120,26,1,0
BRDA:120,26,2,0
BRDA:127,27,0,0
BRDA:127,27,1,0
BRDA:133,28,0,0
BRDA:133,28,1,0
BRDA:134,29,0,0
BRDA:134,29,1,0
BRDA:144,30,0,0
BRDA:144,30,1,0
BRDA:146,31,0,0
BRDA:146,31,1,0
BRDA:148,32,0,0
BRDA:148,32,1,0
BRDA:150,33,0,0
BRDA:150,33,1,0
BRDA:163,34,0,0
BRDA:163,34,1,0
BRF:64
BRH:0
end_of_record
TN:
SF:controller/assessmentAnalytics.controller.js
FN:19,(anonymous_0)
FN:21,(anonymous_1)
FN:27,(anonymous_2)
FN:32,(anonymous_3)
FN:34,(anonymous_4)
FN:40,(anonymous_5)
FN:43,(anonymous_6)
FNF:7
FNH:0
FNDA:0,(anonymous_0)
FNDA:0,(anonymous_1)
FNDA:0,(anonymous_2)
FNDA:0,(anonymous_3)
FNDA:0,(anonymous_4)
FNDA:0,(anonymous_5)
FNDA:0,(anonymous_6)
DA:10,0
DA:20,0
DA:21,0
DA:23,0
DA:24,0
DA:28,0
DA:29,0
DA:33,0
DA:34,0
DA:35,0
DA:36,0
DA:42,0
DA:43,0
DA:45,0
DA:46,0
LF:15
LH:0
BRDA:21,0,0,0
BRDA:21,0,1,0
BRDA:34,1,0,0
BRDA:34,1,1,0
BRDA:43,2,0,0
BRDA:43,2,1,0
BRF:6
BRH:0
end_of_record
TN:
SF:controller/chatSupport.controller.js
FN:34,(anonymous_0)
FN:51,(anonymous_1)
FN:62,(anonymous_2)
FN:72,(anonymous_3)
FN:89,(anonymous_4)
FN:108,(anonymous_5)
FN:117,(anonymous_6)
FN:127,(anonymous_7)
FNF:8
FNH:0
FNDA:0,(anonymous_0)
FNDA:0,(anonymous_1)
FNDA:0,(anonymous_2)
FNDA:0,(anonymous_3)
FNDA:0,(anonymous_4)
FNDA:0,(anonymous_5)
FNDA:0,(anonymous_6)
FNDA:0,(anonymous_7)
DA:7,2
DA:17,2
DA:26,2
DA:36,0
DA:37,0
DA:39,0
DA:40,0
DA:42,0
DA:43,0
DA:52,0
DA:53,0
DA:54,0
DA:63,0
DA:64,0
DA:65,0
DA:73,0
DA:74,0
DA:76,0
DA:77,0
DA:78,0
DA:80,0
DA:81,0
DA:90,0
DA:91,0
DA:92,0
DA:96,0
DA:98,0
DA:109,0
DA:110,0
DA:118,0
DA:119,0
DA:120,0
DA:128,0
DA:129,0
DA:130,0
DA:131,0
DA:132,0
LF:37
LH:3
BRDA:37,0,0,0
BRDA:37,0,1,0
BRDA:39,1,0,0
BRDA:39,1,1,0
BRDA:40,2,0,0
BRDA:40,2,1,0
BRDA:43,3,0,0
BRDA:43,3,1,0
BRDA:52,4,0,0
BRDA:52,4,1,0
BRDA:63,5,0,0
BRDA:63,5,1,0
BRDA:74,6,0,0
BRDA:74,6,1,0
BRDA:76,7,0,0
BRDA:76,7,1,0
BRDA:76,7,2,0
BRDA:77,8,0,0
BRDA:77,8,1,0
BRDA:78,9,0,0
BRDA:78,9,1,0
BRDA:90,10,0,0
BRDA:90,10,1,0
BRDA:91,11,0,0
BRDA:91,11,1,0
BRDA:92,12,0,0
BRDA:92,12,1,0
BRDA:118,13,0,0
BRDA:118,13,1,0
BRDA:129,14,0,0
BRDA:129,14,1,0
BRDA:130,15,0,0
BRDA:130,15,1,0
BRF:33
BRH:0
end_of_record
TN:
SF:controller/dtUser.controller.js
FN:33,(anonymous_0)
FN:39,(anonymous_1)
FN:45,(anonymous_2)
FN:59,(anonymous_3)
FN:79,(anonymous_4)
FN:95,(anonymous_5)
FN:102,(anonymous_6)
FN:120,(anonymous_7)
FN:132,(anonymous_8)
FN:162,(anonymous_9)
FN:168,(anonymous_10)
FN:174,(anonymous_11)
FN:180,(anonymous_12)
FN:195,(anonymous_13)
FN:225,(anonymous_14)
FN:237,(anonymous_15)
FN:248,(anonymous_16)
FN:262,(anonymous_17)
FN:269,(anonymous_18)
FN:278,(anonymous_19)
FN:286,(anonymous_20)
FN:296,(anonymous_21)
FN:305,(anonymous_22)
FN:314,(anonymous_23)
FN:322,(anonymous_24)
FN:328,(anonymous_25)
FN:334,(anonymous_26)
FN:345,(anonymous_27)
FN:351,(anonymous_28)
FN:358,(anonymous_29)
FN:365,(anonymous_30)
FN:371,(anonymous_31)
FN:377,(anonymous_32)
FN:382,(anonymous_33)
FN:388,(anonymous_34)
FN:394,(anonymous_35)
FN:400,(anonymous_36)
FN:406,(anonymous_37)
FNF:38
FNH:0
FNDA:0,(anonymous_0)
FNDA:0,(anonymous_1)
FNDA:0,(anonymous_2)
FNDA:0,(anonymous_3)
FNDA:0,(anonymous_4)
FNDA:0,(anonymous_5)
FNDA:0,(anonymous_6)
FNDA:0,(anonymous_7)
FNDA:0,(anonymous_8)
FNDA:0,(anonymous_9)
FNDA:0,(anonymous_10)
FNDA:0,(anonymous_11)
FNDA:0,(anonymous_12)
FNDA:0,(anonymous_13)
FNDA:0,(anonymous_14)
FNDA:0,(anonymous_15)
FNDA:0,(anonymous_16)
FNDA:0,(anonymous_17)
FNDA:0,(anonymous_18)
FNDA:0,(anonymous_19)
FNDA:0,(anonymous_20)
FNDA:0,(anonymous_21)
FNDA:0,(anonymous_22)
FNDA:0,(anonymous_23)
FNDA:0,(anonymous_24)
FNDA:0,(anonymous_25)
FNDA:0,(anonymous_26)
FNDA:0,(anonymous_27)
FNDA:0,(anonymous_28)
FNDA:0,(anonymous_29)
FNDA:0,(anonymous_30)
FNDA:0,(anonymous_31)
FNDA:0,(anonymous_32)
FNDA:0,(anonymous_33)
FNDA:0,(anonymous_34)
FNDA:0,(anonymous_35)
FNDA:0,(anonymous_36)
FNDA:0,(anonymous_37)
DA:34,0
DA:35,0
DA:40,0
DA:41,0
DA:46,0
DA:47,0
DA:49,0
DA:50,0
DA:60,0
DA:61,0
DA:62,0
DA:63,0
DA:64,0
DA:65,0
DA:80,0
DA:81,0
DA:83,0
DA:84,0
DA:86,0
DA:96,0
DA:97,0
DA:98,0
DA:103,0
DA:104,0
DA:105,0
DA:108,0
DA:109,0
DA:112,0
DA:113,0
DA:121,0
DA:122,0
DA:124,0
DA:125,0
DA:127,0
DA:128,0
DA:133,0
DA:134,0
DA:135,0
DA:137,0
DA:163,0
DA:164,0
DA:169,0
DA:170,0
DA:175,0
DA:176,0
DA:181,0
DA:182,0
DA:184,0
DA:185,0
DA:196,0
DA:197,0
DA:199,0
DA:200,0
DA:201,0
DA:203,0
DA:204,0
DA:210,0
DA:211,0
DA:213,0
DA:226,0
DA:227,0
DA:228,0
DA:238,0
DA:239,0
DA:240,0
DA:249,0
DA:250,0
DA:251,0
DA:252,0
DA:263,0
DA:264,0
DA:265,0
DA:270,0
DA:271,0
DA:272,0
DA:273,0
DA:274,0
DA:279,0
DA:280,0
DA:281,0
DA:282,0
DA:283,0
DA:287,0
DA:288,0
DA:289,0
DA:291,0
DA:292,0
DA:297,0
DA:298,0
DA:299,0
DA:300,0
DA:301,0
DA:306,0
DA:307,0
DA:308,0
DA:309,0
DA:310,0
DA:315,0
DA:316,0
DA:317,0
DA:318,0
DA:323,0
DA:324,0
DA:329,0
DA:330,0
DA:335,0
DA:336,0
DA:346,0
DA:347,0
DA:352,0
DA:353,0
DA:354,0
DA:359,0
DA:360,0
DA:361,0
DA:366,0
DA:367,0
DA:372,0
DA:373,0
DA:378,0
DA:379,0
DA:383,0
DA:384,0
DA:389,0
DA:390,0
DA:395,0
DA:396,0
DA:401,0
DA:402,0
DA:407,0
DA:408,0
DA:412,2
LF:132
LH:1
BRDA:61,0,0,0
BRDA:61,0,1,0
BRDA:64,1,0,0
BRDA:64,1,1,0
BRDA:81,2,0,0
BRDA:81,2,1,0
BRDA:105,3,0,0
BRDA:105,3,1,0
BRDA:108,4,0,0
BRDA:108,4,1,0
BRDA:122,5,0,0
BRDA:122,5,1,0
BRDA:135,6,0,0
BRDA:135,6,1,0
BRDA:182,7,0,0
BRDA:196,8,0,0
BRDA:196,9,0,0
BRDA:200,10,0,0
BRDA:200,10,1,0
BRDA:200,11,0,0
BRDA:200,11,1,0
BRDA:203,12,0,0
BRDA:203,12,1,0
BRDA:250,13,0,0
BRDA:271,14,0,0
BRDA:271,14,1,0
BRDA:280,15,0,0
BRDA:280,15,1,0
BRDA:288,16,0,0
BRDA:288,16,1,0
BRDA:298,17,0,0
BRDA:298,17,1,0
BRDA:307,18,0,0
BRDA:307,18,1,0
BRDA:316,19,0,0
BRDA:316,19,1,0
BRDA:352,20,0,0
BRDA:352,21,0,0
BRDA:359,22,0,0
BRDA:359,23,0,0
BRF:40
BRH:0
end_of_record
TN:
SF:controller/invoice.controller.js
FN:33,(anonymous_0)
FN:45,(anonymous_1)
FN:54,(anonymous_2)
FN:70,(anonymous_3)
FN:79,(anonymous_4)
FN:88,(anonymous_5)
FN:97,(anonymous_6)
FN:110,(anonymous_7)
FN:126,(anonymous_8)
FNF:9
FNH:0
FNDA:0,(anonymous_0)
FNDA:0,(anonymous_1)
FNDA:0,(anonymous_2)
FNDA:0,(anonymous_3)
FNDA:0,(anonymous_4)
FNDA:0,(anonymous_5)
FNDA:0,(anonymous_6)
FNDA:0,(anonymous_7)
FNDA:0,(anonymous_8)
DA:11,2
DA:34,0
DA:35,0
DA:36,0
DA:37,0
DA:38,0
DA:46,0
DA:47,0
DA:55,0
DA:56,0
DA:71,0
DA:72,0
DA:80,0
DA:81,0
DA:89,0
DA:90,0
DA:98,0
DA:99,0
DA:100,0
DA:111,0
DA:112,0
DA:114,0
DA:116,0
DA:117,0
DA:119,0
DA:127,0
DA:128,0
DA:130,0
DA:132,0
DA:133,0
DA:135,0
LF:31
LH:1
BRDA:35,0,0,0
BRDA:35,0,1,0
BRDA:36,1,0,0
BRDA:36,1,1,0
BRDA:98,2,0,0
BRDA:98,2,1,0
BRDA:112,3,0,0
BRDA:112,3,1,0
BRDA:112,4,0,0
BRDA:112,4,1,0
BRDA:128,5,0,0
BRDA:128,5,1,0
BRDA:128,6,0,0
BRDA:128,6,1,0
BRF:14
BRH:0
end_of_record
TN:
SF:controller/media.controller.js
FN:12,(anonymous_0)
FN:22,(anonymous_1)
FN:32,(anonymous_2)
FN:42,(anonymous_3)
FN:52,(anonymous_4)
FN:62,(anonymous_5)
FN:72,(anonymous_6)
FN:82,(anonymous_7)
FN:91,(anonymous_8)
FNF:9
FNH:0
FNDA:0,(anonymous_0)
FNDA:0,(anonymous_1)
FNDA:0,(anonymous_2)
FNDA:0,(anonymous_3)
FNDA:0,(anonymous_4)
FNDA:0,(anonymous_5)
FNDA:0,(anonymous_6)
FNDA:0,(anonymous_7)
FNDA:0,(anonymous_8)
DA:13,0
DA:14,0
DA:15,0
DA:23,0
DA:24,0
DA:25,0
DA:33,0
DA:34,0
DA:35,0
DA:43,0
DA:44,0
DA:45,0
DA:53,0
DA:54,0
DA:55,0
DA:63,0
DA:64,0
DA:65,0
DA:73,0
DA:74,0
DA:75,0
DA:83,0
DA:84,0
DA:92,0
DA:93,0
DA:94,0
DA:95,0
LF:27
LH:0
BRDA:13,0,0,0
BRDA:13,0,1,0
BRDA:23,1,0,0
BRDA:23,1,1,0
BRDA:25,2,0,0
BRDA:25,2,1,0
BRDA:33,3,0,0
BRDA:33,3,1,0
BRDA:43,4,0,0
BRDA:43,4,1,0
BRDA:53,5,0,0
BRDA:53,5,1,0
BRDA:63,6,0,0
BRDA:63,6,1,0
BRDA:73,7,0,0
BRDA:73,7,1,0
BRDA:92,8,0,0
BRDA:92,8,1,0
BRDA:93,9,0,0
BRDA:93,9,1,0
BRF:20
BRH:0
end_of_record
TN:
SF:controller/multimediaAssessmentConfig.controller.js
FN:91,(anonymous_0)
FN:105,(anonymous_1)
FN:109,(anonymous_2)
FN:143,(anonymous_3)
FN:183,(anonymous_4)
FN:185,(anonymous_5)
FN:200,(anonymous_6)
FN:215,(anonymous_7)
FNF:8
FNH:0
FNDA:0,(anonymous_0)
FNDA:0,(anonymous_1)
FNDA:0,(anonymous_2)
FNDA:0,(anonymous_3)
FNDA:0,(anonymous_4)
FNDA:0,(anonymous_5)
FNDA:0,(anonymous_6)
FNDA:0,(anonymous_7)
DA:15,2
DA:92,0
DA:93,0
DA:94,0
DA:97,0
DA:98,0
DA:106,0
DA:108,0
DA:109,0
DA:144,0
DA:145,0
DA:147,0
DA:184,0
DA:185,0
DA:186,0
DA:188,0
DA:189,0
DA:192,0
DA:193,0
DA:201,0
DA:202,0
DA:204,0
DA:216,0
DA:217,0
DA:219,0
LF:25
LH:1
BRDA:93,0,0,0
BRDA:93,0,1,0
BRDA:129,1,0,0
BRDA:129,1,1,0
BRDA:132,2,0,0
BRDA:132,2,1,0
BRDA:133,3,0,0
BRDA:133,3,1,0
BRDA:134,4,0,0
BRDA:134,4,1,0
BRDA:188,5,0,0
BRDA:188,5,1,0
BRF:12
BRH:0
end_of_record
TN:
SF:controller/multimediaAssessmentSession.controller.js
FN:51,(anonymous_0)
FN:90,(anonymous_1)
FN:115,(anonymous_2)
FN:139,(anonymous_3)
FN:174,(anonymous_4)
FN:184,(anonymous_5)
FN:200,(anonymous_6)
FN:205,(anonymous_7)
FN:221,(anonymous_8)
FN:240,(anonymous_9)
FN:264,(anonymous_10)
FNF:11
FNH:0
FNDA:0,(anonymous_0)
FNDA:0,(anonymous_1)
FNDA:0,(anonymous_2)
FNDA:0,(anonymous_3)
FNDA:0,(anonymous_4)
FNDA:0,(anonymous_5)
FNDA:0,(anonymous_6)
FNDA:0,(anonymous_7)
FNDA:0,(anonymous_8)
FNDA:0,(anonymous_9)
FNDA:0,(anonymous_10)
DA:15,2
DA:24,2
DA:52,0
DA:53,0
DA:55,0
DA:56,0
DA:59,0
DA:60,0
DA:67,0
DA:90,0
DA:116,0
DA:117,0
DA:119,0
DA:121,0
DA:139,0
DA:175,0
DA:176,0
DA:178,0
DA:179,0
DA:180,0
DA:183,0
DA:184,0
DA:186,0
DA:201,0
DA:202,0
DA:204,0
DA:205,0
DA:207,0
DA:222,0
DA:223,0
DA:224,0
DA:226,0
DA:228,0
DA:241,0
DA:242,0
DA:244,0
DA:246,0
DA:265,0
DA:266,0
DA:267,0
DA:269,0
DA:270,0
LF:42
LH:2
BRDA:52,0,0,0
BRDA:52,0,1,0
BRDA:52,0,2,0
BRDA:55,1,0,0
BRDA:55,1,1,0
BRDA:59,2,0,0
BRDA:59,2,1,0
BRDA:59,2,2,0
BRDA:117,3,0,0
BRDA:117,3,1,0
BRDA:117,3,2,0
BRDA:176,4,0,0
BRDA:176,4,1,0
BRDA:176,4,2,0
BRDA:179,5,0,0
BRDA:179,5,1,0
BRDA:202,6,0,0
BRDA:202,6,1,0
BRDA:202,6,2,0
BRDA:224,7,0,0
BRDA:224,7,1,0
BRDA:224,7,2,0
BRDA:242,8,0,0
BRDA:242,8,1,0
BRDA:242,8,2,0
BRDA:267,9,0,0
BRDA:267,9,1,0
BRDA:267,9,2,0
BRF:28
BRH:0
end_of_record
TN:
SF:controller/notification.controller.js
FN:21,(anonymous_0)
FN:27,(anonymous_1)
FN:36,(anonymous_2)
FN:45,(anonymous_3)
FN:52,(anonymous_4)
FN:58,(anonymous_5)
FN:64,(anonymous_6)
FN:71,(anonymous_7)
FN:79,(anonymous_8)
FN:81,(anonymous_9)
FN:100,(anonymous_10)
FNF:11
FNH:0
FNDA:0,(anonymous_0)
FNDA:0,(anonymous_1)
FNDA:0,(anonymous_2)
FNDA:0,(anonymous_3)
FNDA:0,(anonymous_4)
FNDA:0,(anonymous_5)
FNDA:0,(anonymous_6)
FNDA:0,(anonymous_7)
FNDA:0,(anonymous_8)
FNDA:0,(anonymous_9)
FNDA:0,(anonymous_10)
DA:8,2
DA:22,0
DA:23,0
DA:24,0
DA:28,0
DA:29,0
DA:30,0
DA:31,0
DA:32,0
DA:37,0
DA:38,0
DA:39,0
DA:40,0
DA:46,0
DA:47,0
DA:48,0
DA:53,0
DA:54,0
DA:55,0
DA:56,0
DA:59,0
DA:60,0
DA:61,0
DA:65,0
DA:66,0
DA:67,0
DA:68,0
DA:72,0
DA:73,0
DA:75,0
DA:77,0
DA:78,0
DA:79,0
DA:81,0
DA:82,0
DA:88,0
DA:89,0
DA:90,0
DA:94,0
DA:96,0
DA:101,0
DA:102,0
LF:42
LH:1
BRDA:22,0,0,0
BRDA:22,0,1,0
BRDA:22,0,2,0
BRDA:28,1,0,0
BRDA:28,1,1,0
BRDA:28,1,2,0
BRDA:29,2,0,0
BRDA:29,2,1,0
BRDA:30,3,0,0
BRDA:30,3,1,0
BRDA:38,4,0,0
BRDA:38,4,1,0
BRDA:38,4,2,0
BRDA:46,5,0,0
BRDA:46,5,1,0
BRDA:46,5,2,0
BRDA:54,6,0,0
BRDA:54,6,1,0
BRDA:54,6,2,0
BRDA:59,7,0,0
BRDA:59,7,1,0
BRDA:59,7,2,0
BRDA:65,8,0,0
BRDA:65,8,1,0
BRDA:65,8,2,0
BRDA:73,9,0,0
BRDA:73,9,1,0
BRDA:77,10,0,0
BRDA:77,10,1,0
BRDA:89,11,0,0
BRDA:89,11,1,0
BRF:31
BRH:0
end_of_record
TN:
SF:controller/passwordReset.controller.js
FN:23,(anonymous_0)
FN:34,(anonymous_1)
FN:46,(anonymous_2)
FN:57,(anonymous_3)
FN:69,(anonymous_4)
FNF:5
FNH:0
FNDA:0,(anonymous_0)
FNDA:0,(anonymous_1)
FNDA:0,(anonymous_2)
FNDA:0,(anonymous_3)
FNDA:0,(anonymous_4)
DA:7,2
DA:11,2
DA:24,0
DA:25,0
DA:26,0
DA:27,0
DA:35,0
DA:36,0
DA:37,0
DA:38,0
DA:39,0
DA:47,0
DA:48,0
DA:49,0
DA:50,0
DA:58,0
DA:59,0
DA:60,0
DA:61,0
DA:62,0
DA:70,0
DA:71,0
DA:72,0
DA:73,0
LF:24
LH:2
BRDA:25,0,0,0
BRDA:25,0,1,0
BRDA:36,1,0,0
BRDA:36,1,1,0
BRDA:48,2,0,0
BRDA:48,2,1,0
BRDA:59,3,0,0
BRDA:59,3,1,0
BRDA:71,4,0,0
BRF:9
BRH:0
end_of_record
TN:
SF:controller/project.js
FN:12,(anonymous_0)
FN:22,(anonymous_1)
FN:27,(anonymous_2)
FN:38,(anonymous_3)
FNF:4
FNH:0
FNDA:0,(anonymous_0)
FNDA:0,(anonymous_1)
FNDA:0,(anonymous_2)
FNDA:0,(anonymous_3)
DA:6,2
DA:13,0
DA:14,0
DA:15,0
DA:18,0
DA:19,0
DA:23,0
DA:24,0
DA:28,0
DA:29,0
DA:30,0
DA:33,0
DA:34,0
DA:35,0
DA:39,0
DA:40,0
DA:41,0
LF:17
LH:1
BRDA:14,0,0,0
BRDA:14,0,1,0
BRDA:29,1,0,0
BRDA:29,1,1,0
BRF:4
BRH:0
end_of_record
TN:
SF:controller/qaReview.controller.js
FN:28,(anonymous_0)
FN:32,(anonymous_1)
FN:39,(anonymous_2)
FN:45,(anonymous_3)
FN:48,(anonymous_4)
FN:55,(anonymous_5)
FN:57,(anonymous_6)
FN:65,(anonymous_7)
FN:73,(anonymous_8)
FN:75,(anonymous_9)
FN:83,(anonymous_10)
FN:89,(anonymous_11)
FNF:12
FNH:0
FNDA:0,(anonymous_0)
FNDA:0,(anonymous_1)
FNDA:0,(anonymous_2)
FNDA:0,(anonymous_3)
FNDA:0,(anonymous_4)
FNDA:0,(anonymous_5)
FNDA:0,(anonymous_6)
FNDA:0,(anonymous_7)
FNDA:0,(anonymous_8)
FNDA:0,(anonymous_9)
FNDA:0,(anonymous_10)
FNDA:0,(anonymous_11)
DA:6,2
DA:15,2
DA:23,2
DA:29,0
DA:30,0
DA:34,0
DA:35,0
DA:40,0
DA:41,0
DA:42,0
DA:47,0
DA:48,0
DA:50,0
DA:51,0
DA:52,0
DA:56,0
DA:57,0
DA:59,0
DA:60,0
DA:61,0
DA:67,0
DA:68,0
DA:69,0
DA:74,0
DA:75,0
DA:77,0
DA:78,0
DA:79,0
DA:84,0
DA:85,0
DA:90,0
DA:91,0
DA:96,2
LF:33
LH:4
BRDA:48,0,0,0
BRDA:48,0,1,0
BRDA:50,1,0,0
BRDA:50,1,1,0
BRDA:57,2,0,0
BRDA:57,2,1,0
BRDA:59,3,0,0
BRDA:59,3,1,0
BRDA:67,4,0,0
BRDA:67,4,1,0
BRDA:75,5,0,0
BRDA:75,5,1,0
BRDA:77,6,0,0
BRDA:77,6,1,0
BRF:14
BRH:0
end_of_record
TN:
SF:controller/spideyAssessment.controller.js
FN:36,(anonymous_0)
FN:68,(anonymous_1)
FN:95,(anonymous_2)
FN:111,(anonymous_3)
FN:128,(anonymous_4)
FN:141,(anonymous_5)
FN:158,(anonymous_6)
FN:165,(anonymous_7)
FN:170,(anonymous_8)
FN:175,(anonymous_9)
FN:180,(anonymous_10)
FNF:11
FNH:0
FNDA:0,(anonymous_0)
FNDA:0,(anonymous_1)
FNDA:0,(anonymous_2)
FNDA:0,(anonymous_3)
FNDA:0,(anonymous_4)
FNDA:0,(anonymous_5)
FNDA:0,(anonymous_6)
FNDA:0,(anonymous_7)
FNDA:0,(anonymous_8)
FNDA:0,(anonymous_9)
FNDA:0,(anonymous_10)
DA:16,2
DA:25,2
DA:37,0
DA:38,0
DA:39,0
DA:41,0
DA:42,0
DA:45,0
DA:48,0
DA:49,0
DA:50,0
DA:52,0
DA:58,0
DA:60,0
DA:69,0
DA:71,0
DA:72,0
DA:75,0
DA:76,0
DA:78,0
DA:87,0
DA:97,0
DA:99,0
DA:100,0
DA:103,0
DA:104,0
DA:113,0
DA:115,0
DA:116,0
DA:119,0
DA:120,0
DA:129,0
DA:130,0
DA:131,0
DA:133,0
DA:134,0
DA:143,0
DA:145,0
DA:146,0
DA:149,0
DA:150,0
DA:159,0
DA:160,0
DA:161,0
DA:166,0
DA:167,0
DA:168,0
DA:171,0
DA:172,0
DA:173,0
DA:176,0
DA:177,0
DA:178,0
DA:181,0
DA:182,0
DA:183,0
LF:56
LH:2
BRDA:41,0,0,0
BRDA:41,0,1,0
BRDA:45,1,0,0
BRDA:48,2,0,0
BRDA:48,2,1,0
BRDA:71,3,0,0
BRDA:71,3,1,0
BRDA:76,4,0,0
BRDA:76,4,1,0
BRDA:87,5,0,0
BRDA:87,5,1,0
BRDA:99,6,0,0
BRDA:99,6,1,0
BRDA:115,7,0,0
BRDA:115,7,1,0
BRDA:130,8,0,0
BRDA:130,8,1,0
BRDA:130,9,0,0
BRDA:130,9,1,0
BRDA:145,10,0,0
BRDA:145,10,1,0
BRDA:145,11,0,0
BRDA:145,11,1,0
BRF:23
BRH:0
end_of_record
TN:
SF:controller/supportTicket.controller.js
FN:58,(anonymous_0)
FN:71,(anonymous_1)
FN:86,(anonymous_2)
FN:99,(anonymous_3)
FN:111,(anonymous_4)
FN:125,(anonymous_5)
FN:142,(anonymous_6)
FN:159,(anonymous_7)
FN:170,(anonymous_8)
FN:182,(anonymous_9)
FN:197,(anonymous_10)
FN:206,(anonymous_11)
FN:216,(anonymous_12)
FNF:13
FNH:0
FNDA:0,(anonymous_0)
FNDA:0,(anonymous_1)
FNDA:0,(anonymous_2)
FNDA:0,(anonymous_3)
FNDA:0,(anonymous_4)
FNDA:0,(anonymous_5)
FNDA:0,(anonymous_6)
FNDA:0,(anonymous_7)
FNDA:0,(anonymous_8)
FNDA:0,(anonymous_9)
FNDA:0,(anonymous_10)
FNDA:0,(anonymous_11)
FNDA:0,(anonymous_12)
DA:7,2
DA:23,2
DA:32,2
DA:37,2
DA:43,2
DA:59,0
DA:60,0
DA:61,0
DA:62,0
DA:63,0
DA:72,0
DA:73,0
DA:74,0
DA:75,0
DA:76,0
DA:87,0
DA:88,0
DA:89,0
DA:90,0
DA:91,0
DA:92,0
DA:101,0
DA:102,0
DA:103,0
DA:113,0
DA:114,0
DA:115,0
DA:117,0
DA:118,0
DA:127,0
DA:128,0
DA:130,0
DA:131,0
DA:132,0
DA:134,0
DA:135,0
DA:144,0
DA:145,0
DA:147,0
DA:148,0
DA:149,0
DA:161,0
DA:162,0
DA:172,0
DA:173,0
DA:174,0
DA:175,0
DA:183,0
DA:184,0
DA:186,0
DA:187,0
DA:189,0
DA:190,0
DA:198,0
DA:199,0
DA:207,0
DA:208,0
DA:209,0
DA:217,0
DA:218,0
DA:219,0
DA:220,0
DA:224,2
LF:63
LH:6
BRDA:60,0,0,0
BRDA:60,0,1,0
BRDA:61,1,0,0
BRDA:61,1,1,0
BRDA:73,2,0,0
BRDA:73,2,1,0
BRDA:74,3,0,0
BRDA:74,3,1,0
BRDA:88,4,0,0
BRDA:88,4,1,0
BRDA:89,5,0,0
BRDA:89,5,1,0
BRDA:90,6,0,0
BRDA:90,6,1,0
BRDA:101,7,0,0
BRDA:101,7,1,0
BRDA:113,8,0,0
BRDA:113,8,1,0
BRDA:114,9,0,0
BRDA:114,9,1,0
BRDA:115,10,0,0
BRDA:115,10,1,0
BRDA:128,11,0,0
BRDA:128,11,1,0
BRDA:130,12,0,0
BRDA:130,12,1,0
BRDA:130,12,2,0
BRDA:131,13,0,0
BRDA:131,13,1,0
BRDA:132,14,0,0
BRDA:132,14,1,0
BRDA:145,15,0,0
BRDA:145,15,1,0
BRDA:147,16,0,0
BRDA:147,16,1,0
BRDA:172,17,0,0
BRDA:172,17,1,0
BRDA:173,18,0,0
BRDA:173,18,1,0
BRDA:184,19,0,0
BRDA:184,19,1,0
BRDA:186,20,0,0
BRDA:186,20,1,0
BRDA:207,21,0,0
BRDA:207,21,1,0
BRDA:218,22,0,0
BRDA:218,22,1,0
BRF:47
BRH:0
end_of_record
TN:
SF:controller/task.js
FN:19,(anonymous_0)
FN:29,(anonymous_1)
FN:34,(anonymous_2)
FN:39,(anonymous_3)
FNF:4
FNH:0
FNDA:0,(anonymous_0)
FNDA:0,(anonymous_1)
FNDA:0,(anonymous_2)
FNDA:0,(anonymous_3)
DA:6,2
DA:14,2
DA:20,0
DA:21,0
DA:22,0
DA:25,0
DA:26,0
DA:30,0
DA:31,0
DA:35,0
DA:36,0
DA:40,0
DA:41,0
DA:42,0
DA:45,0
DA:46,0
DA:47,0
LF:17
LH:2
BRDA:21,0,0,0
BRDA:21,0,1,0
BRDA:41,1,0,0
BRDA:41,1,1,0
BRF:4
BRH:0
end_of_record
TN:
SF:controller/user.js
FN:8,(anonymous_0)
FN:17,(anonymous_1)
FN:27,(anonymous_2)
FN:36,(anonymous_3)
FNF:4
FNH:0
FNDA:0,(anonymous_0)
FNDA:0,(anonymous_1)
FNDA:0,(anonymous_2)
FNDA:0,(anonymous_3)
DA:9,0
DA:10,0
DA:12,0
DA:13,0
DA:18,0
DA:19,0
DA:21,0
DA:22,0
DA:24,0
DA:28,0
DA:29,0
DA:30,0
DA:33,0
DA:37,0
DA:38,0
DA:39,0
DA:42,0
DA:44,0
DA:45,0
DA:48,0
DA:52,2
LF:21
LH:1
BRDA:10,0,0,0
BRDA:10,0,1,0
BRDA:19,1,0,0
BRDA:19,1,1,0
BRDA:29,2,0,0
BRDA:29,2,1,0
BRDA:29,3,0,0
BRDA:29,3,1,0
BRDA:38,4,0,0
BRDA:38,4,1,0
BRDA:44,5,0,0
BRDA:44,5,1,0
BRDA:44,6,0,0
BRDA:44,6,1,0
BRF:14
BRH:0
end_of_record
TN:
SF:controller/validateuser.js
FN:15,(anonymous_0)
FNF:1
FNH:0
FNDA:0,(anonymous_0)
DA:7,2
DA:16,0
DA:17,0
DA:19,0
DA:20,0
LF:5
LH:1
BRDA:17,0,0,0
BRDA:17,0,1,0
BRF:2
BRH:0
end_of_record
TN:
SF:controller/videoReel.controller.js
FN:15,(anonymous_0)
FN:52,(anonymous_1)
FN:66,(anonymous_2)
FN:75,(anonymous_3)
FN:84,(anonymous_4)
FN:97,(anonymous_5)
FN:110,(anonymous_6)
FN:119,(anonymous_7)
FNF:8
FNH:0
FNDA:0,(anonymous_0)
FNDA:0,(anonymous_1)
FNDA:0,(anonymous_2)
FNDA:0,(anonymous_3)
FNDA:0,(anonymous_4)
FNDA:0,(anonymous_5)
FNDA:0,(anonymous_6)
FNDA:0,(anonymous_7)
DA:12,2
DA:16,0
DA:17,0
DA:19,0
DA:32,2
DA:53,0
DA:54,0
DA:55,0
DA:58,0
DA:59,0
DA:67,0
DA:68,0
DA:76,0
DA:77,0
DA:85,0
DA:86,0
DA:87,0
DA:89,0
DA:90,0
DA:98,0
DA:99,0
DA:111,0
DA:112,0
DA:120,0
DA:121,0
LF:25
LH:2
BRDA:16,0,0,0
BRDA:16,0,1,0
BRDA:54,1,0,0
BRDA:54,1,1,0
BRDA:86,2,0,0
BRDA:86,2,1,0
BRF:6
BRH:0
end_of_record
TN:
SF:middleware/adminAuth.js
FN:8,(anonymous_0)
FNF:1
FNH:0
FNDA:0,(anonymous_0)
DA:8,2
DA:9,0
DA:11,0
DA:12,0
DA:16,0
DA:17,0
DA:21,0
DA:22,0
DA:23,0
DA:24,0
DA:31,0
DA:34,0
DA:35,0
DA:36,0
DA:40,0
DA:41,0
DA:45,0
DA:46,0
DA:50,0
DA:59,0
DA:61,0
DA:62,0
DA:65,0
DA:67,0
DA:68,0
DA:71,0
DA:72,0
DA:75,0
LF:28
LH:1
BRDA:12,0,0,0
BRDA:12,0,1,0
BRDA:12,1,0,0
BRDA:12,1,1,0
BRDA:14,2,0,0
BRDA:14,2,1,0
BRDA:14,2,2,0
BRDA:16,3,0,0
BRDA:16,3,1,0
BRDA:22,4,0,0
BRDA:22,4,1,0
BRDA:35,5,0,0
BRDA:35,5,1,0
BRDA:40,6,0,0
BRDA:40,6,1,0
BRDA:41,7,0,0
BRDA:41,7,1,0
BRDA:41,7,2,0
BRDA:45,8,0,0
BRDA:45,8,1,0
BRDA:67,9,0,0
BRDA:67,9,1,0
BRDA:71,10,0,0
BRDA:71,10,1,0
BRF:24
BRH:0
end_of_record
TN:
SF:middleware/auth.js
FN:8,(anonymous_0)
FN:75,(anonymous_1)
FNF:2
FNH:0
FNDA:0,(anonymous_0)
FNDA:0,(anonymous_1)
DA:8,2
DA:9,0
DA:11,0
DA:12,0
DA:16,0
DA:17,0
DA:21,0
DA:22,0
DA:23,0
DA:24,0
DA:31,0
DA:32,0
DA:35,0
DA:37,0
DA:38,0
DA:41,0
DA:42,0
DA:43,0
DA:47,0
DA:54,0
DA:55,0
DA:58,0
DA:60,0
DA:61,0
DA:64,0
DA:65,0
DA:68,0
DA:75,2
DA:76,0
DA:77,0
DA:78,0
DA:81,0
DA:82,0
DA:85,0
DA:87,0
LF:35
LH:2
BRDA:12,0,0,0
BRDA:12,0,1,0
BRDA:12,1,0,0
BRDA:12,1,1,0
BRDA:14,2,0,0
BRDA:14,2,1,0
BRDA:14,2,2,0
BRDA:16,3,0,0
BRDA:16,3,1,0
BRDA:22,4,0,0
BRDA:22,4,1,0
BRDA:37,5,0,0
BRDA:37,5,1,0
BRDA:41,6,0,0
BRDA:41,6,1,0
BRDA:60,7,0,0
BRDA:60,7,1,0
BRDA:64,8,0,0
BRDA:64,8,1,0
BRDA:81,9,0,0
BRDA:81,9,1,0
BRF:21
BRH:0
end_of_record
TN:
SF:middleware/errorHandler.js
FN:7,(anonymous_0)
FN:30,(anonymous_1)
FNF:2
FNH:0
FNDA:0,(anonymous_0)
FNDA:0,(anonymous_1)
DA:7,2
DA:9,0
DA:19,0
DA:20,0
DA:21,0
DA:22,0
DA:23,0
DA:27,0
DA:28,0
DA:29,0
DA:30,0
DA:31,0
DA:33,0
DA:34,0
DA:35,0
DA:39,0
DA:40,0
DA:41,0
DA:42,0
DA:45,0
DA:46,0
DA:47,0
DA:48,0
DA:52,0
LF:24
LH:1
BRDA:15,0,0,0
BRDA:15,0,1,0
BRDA:19,1,0,0
BRDA:19,1,1,0
BRDA:27,2,0,0
BRDA:27,2,1,0
BRDA:27,3,0,0
BRDA:27,3,1,0
BRDA:29,4,0,0
BRDA:29,4,1,0
BRDA:39,5,0,0
BRDA:39,5,1,0
BRDA:45,6,0,0
BRDA:45,6,1,0
BRF:14
BRH:0
end_of_record
TN:
SF:routes/admin.js
FNF:0
FNH:0
DA:12,2
DA:20,2
DA:30,2
DA:36,2
DA:43,2
DA:45,2
DA:51,2
DA:56,2
DA:59,2
DA:60,2
DA:63,2
DA:64,2
DA:67,2
DA:70,2
DA:73,2
DA:74,2
DA:75,2
DA:76,2
DA:77,2
DA:78,2
DA:79,2
DA:80,2
DA:81,2
DA:84,2
DA:85,2
DA:86,2
DA:87,2
DA:88,2
DA:91,2
DA:92,2
DA:95,2
DA:96,2
DA:99,2
DA:100,2
DA:101,2
DA:102,2
DA:103,2
DA:106,2
DA:107,2
DA:108,2
DA:111,2
DA:112,2
DA:114,2
DA:115,2
DA:116,2
DA:118,2
DA:119,2
DA:120,2
DA:121,2
DA:124,2
DA:125,2
DA:126,2
DA:127,2
DA:128,2
DA:129,2
DA:130,2
DA:131,2
DA:134,2
DA:137,2
DA:138,2
DA:139,2
DA:142,2
DA:143,2
DA:144,2
DA:145,2
DA:146,2
DA:149,2
DA:150,2
DA:151,2
DA:152,2
DA:153,2
DA:154,2
DA:155,2
LF:73
LH:73
BRF:0
BRH:0
end_of_record
TN:
SF:routes/assessment.js
FNF:0
FNH:0
DA:9,2
DA:16,2
DA:22,2
DA:27,2
DA:33,2
DA:34,2
DA:35,2
DA:36,2
DA:37,2
DA:38,2
DA:39,2
DA:45,2
DA:46,2
DA:47,2
DA:48,2
DA:49,2
DA:50,2
DA:51,2
DA:57,2
DA:58,2
DA:59,2
DA:60,2
DA:61,2
DA:62,2
DA:68,2
DA:69,2
DA:70,2
LF:27
LH:27
BRF:0
BRH:0
end_of_record
TN:
SF:routes/auth.js
FN:92,(anonymous_0)
FN:101,(anonymous_1)
FN:117,(anonymous_2)
FN:125,(anonymous_3)
FN:139,(anonymous_4)
FN:147,(anonymous_5)
FN:161,(anonymous_6)
FNF:7
FNH:0
FNDA:0,(anonymous_0)
FNDA:0,(anonymous_1)
FNDA:0,(anonymous_2)
FNDA:0,(anonymous_3)
FNDA:0,(anonymous_4)
FNDA:0,(anonymous_5)
FNDA:0,(anonymous_6)
DA:12,2
DA:14,2
DA:15,2
DA:16,2
DA:17,2
DA:26,2
DA:31,2
DA:33,2
DA:34,2
DA:41,2
DA:42,2
DA:45,2
DA:46,2
DA:49,2
DA:56,2
DA:57,2
DA:58,2
DA:59,2
DA:60,2
DA:61,2
DA:62,2
DA:63,2
DA:64,2
DA:65,2
DA:66,2
DA:67,2
DA:68,2
DA:69,2
DA:70,2
DA:71,2
DA:72,2
DA:73,2
DA:74,2
DA:77,2
DA:78,2
DA:79,2
DA:80,2
DA:83,2
DA:84,2
DA:85,2
DA:86,2
DA:87,2
DA:90,2
DA:92,2
DA:93,0
DA:101,0
DA:102,0
DA:104,0
DA:105,0
DA:106,0
DA:107,0
DA:110,0
DA:114,2
DA:117,2
DA:118,0
DA:125,0
DA:126,0
DA:128,0
DA:129,0
DA:130,0
DA:131,0
DA:134,0
DA:139,2
DA:140,0
DA:147,0
DA:148,0
DA:150,0
DA:151,0
DA:152,0
DA:153,0
DA:156,0
DA:161,2
DA:162,0
DA:163,0
DA:164,0
DA:165,0
DA:166,0
DA:168,0
LF:78
LH:48
BRDA:102,0,0,0
BRDA:102,0,1,0
BRDA:104,1,0,0
BRDA:104,1,1,0
BRDA:105,2,0,0
BRDA:105,2,1,0
BRDA:105,2,2,0
BRDA:105,2,3,0
BRDA:105,2,4,0
BRDA:106,3,0,0
BRDA:106,3,1,0
BRDA:106,4,0,0
BRDA:106,4,1,0
BRDA:126,5,0,0
BRDA:126,5,1,0
BRDA:128,6,0,0
BRDA:128,6,1,0
BRDA:129,7,0,0
BRDA:129,7,1,0
BRDA:129,7,2,0
BRDA:129,7,3,0
BRDA:130,8,0,0
BRDA:130,8,1,0
BRDA:130,9,0,0
BRDA:130,9,1,0
BRDA:148,10,0,0
BRDA:148,10,1,0
BRDA:150,11,0,0
BRDA:150,11,1,0
BRDA:151,12,0,0
BRDA:151,12,1,0
BRDA:151,12,2,0
BRDA:151,12,3,0
BRDA:152,13,0,0
BRDA:152,13,1,0
BRDA:152,14,0,0
BRDA:152,14,1,0
BRF:37
BRH:0
end_of_record
TN:
SF:routes/chat.js
FNF:0
FNH:0
DA:6,2
DA:17,2
DA:27,2
DA:33,2
DA:39,2
DA:45,2
DA:51,2
DA:61,2
DA:67,2
DA:73,2
LF:10
LH:10
BRF:0
BRH:0
end_of_record
TN:
SF:routes/media.js
FN:73,(anonymous_0)
FN:95,(anonymous_1)
FNF:2
FNH:0
FNDA:0,(anonymous_0)
FNDA:0,(anonymous_1)
DA:13,2
DA:25,2
DA:28,2
DA:34,2
DA:35,2
DA:36,2
DA:42,2
DA:48,2
DA:54,2
DA:60,2
DA:66,2
DA:67,2
DA:73,2
DA:74,0
DA:95,2
DA:96,0
LF:16
LH:14
BRDA:78,0,0,0
BRDA:78,0,1,0
BRF:2
BRH:0
end_of_record
TN:
SF:routes/notifications.js
FNF:0
FNH:0
DA:6,2
DA:10,2
DA:12,2
DA:14,2
DA:15,2
DA:17,2
DA:19,2
DA:21,2
LF:8
LH:8
BRF:0
BRH:0
end_of_record
TN:
SF:routes/qa.js
FNF:0
FNH:0
DA:5,2
DA:17,2
DA:23,2
DA:24,2
DA:25,2
DA:26,2
DA:27,2
DA:28,2
DA:29,2
DA:30,2
DA:31,2
LF:11
LH:11
BRF:0
BRH:0
end_of_record
TN:
SF:routes/support.js
FNF:0
FNH:0
DA:7,2
DA:23,2
DA:29,2
DA:30,2
DA:31,2
DA:32,2
DA:33,2
DA:38,2
DA:39,2
DA:40,2
DA:41,2
DA:42,2
DA:43,2
DA:44,2
DA:45,2
LF:15
LH:15
BRF:0
BRH:0
end_of_record
